[debug] [2023-12-28T20:34:57.662Z] ----------------------------------------------------------------------
[debug] [2023-12-28T20:34:57.665Z] Command:       C:\Program Files\nodejs\node.exe C:\Users\vinit\AppData\Roaming\npm\node_modules\firebase-tools\lib\bin\firebase.js init
[debug] [2023-12-28T20:34:57.665Z] CLI Version:   13.0.2
[debug] [2023-12-28T20:34:57.665Z] Platform:      win32
[debug] [2023-12-28T20:34:57.666Z] Node Version:  v18.18.0
[debug] [2023-12-28T20:34:57.667Z] Time:          Fri Dec 29 2023 02:04:57 GMT+0530 (India Standard Time)
[debug] [2023-12-28T20:34:57.667Z] ----------------------------------------------------------------------
[debug] 
[debug] [2023-12-28T20:34:57.735Z] > command requires scopes: ["email","openid","https://www.googleapis.com/auth/cloudplatformprojects.readonly","https://www.googleapis.com/auth/firebase","https://www.googleapis.com/auth/cloud-platform"]
[debug] [2023-12-28T20:34:57.736Z] > authorizing via signed-in user (vinith2003@gmail.com)
[info] 
     ######## #### ########  ######## ########     ###     ######  ########
     ##        ##  ##     ## ##       ##     ##  ##   ##  ##       ##
     ######    ##  ########  ######   ########  #########  ######  ######
     ##        ##  ##    ##  ##       ##     ## ##     ##       ## ##
     ##       #### ##     ## ######## ########  ##     ##  ######  ########

You're about to initialize a Firebase project in this directory:

  D:\Code\Projects\acm-school2

Before we get started, keep in mind:

  * You are initializing within an existing Firebase project directory

